<?xml version="1.0" encoding="UTF-8"?>
<!-- Generated by org.testng.reporters.JUnitXMLReporter -->
<testsuite hostname="LAPTOP-1G76VECI" ignored="0" name="Test" tests="3" failures="0" timestamp="13 May 2017 08:49:01 GMT" time="41.41" errors="0">
  <testcase name="testValidLoginLogout" time="8.734" classname="script.ValidLoginLogout"/>
  <testcase name="testInvalidLogin" time="9.417" classname="script.InvalidLogin"/>
  <testcase name="testVerifyVersion" time="0.119" classname="script.VerifyVersion"/>
</testsuite> <!-- Test -->
